INFO [10-19|21:34:10.522] Sync stage 1/14. Download headers... 
INFO [10-19|21:34:12.593] [Headers] Imported new block headers     count=192 elapsed=348.932ms number=3604174 hash="047f3a…7e5ea3" age=20m19s
INFO [10-19|21:34:16.404] [Headers] Imported new block headers     count=79  elapsed=46.801ms  number=3604253 hash="cabeb3…3bd5cc"
INFO [10-19|21:34:16.700] [Headers] Imported new block headers     count=2   elapsed=5.079ms   number=3604255 hash="b3e8d7…ae6dbe"
INFO [10-19|21:34:17.035] Sync stage 2/14. Write block hashes... 
INFO [10-19|21:34:17.148] Sync stage 3/14. Download block bodies... 
INFO [10-19|21:34:17.157] [Bodies] Downloading block bodies        count=273
INFO [10-19|21:34:17.308] [Bodies] Downloader queue stats          receiptTasks=0 blockTasks=241 itemSize=326.08B throttle=8192
INFO [10-19|21:34:17.308] [Bodies] Imported new chain segment      blocks=2 txs=3 elapsed="434.313µs" number=3603984 hash="9afec5…ec526a" age=1h7m54s
INFO [10-19|21:34:17.497] [Bodies] Imported new chain segment      blocks=2 txs=5 elapsed="422.386µs" number=3603986 hash="76d35e…939618" age=1h7m24s
INFO [10-19|21:34:17.595] [Bodies] Imported new chain segment      blocks=29 txs=80 elapsed=2.150ms     number=3604015 hash="3a32da…62c3be" age=1h9s
INFO [10-19|21:34:17.847] [Bodies] Imported new chain segment      blocks=12 txs=28 elapsed="982.356µs" number=3604027 hash="73886f…359bc9" age=57m9s
INFO [10-19|21:34:17.988] [Bodies] Imported new chain segment      blocks=150 txs=384 elapsed=19.578ms    number=3604177 hash="0ecac8…6858ce" age=19m39s
INFO [10-19|21:34:18.583] [Bodies] Imported new chain segment      blocks=78  txs=208 elapsed=6.454ms     number=3604255 hash="b3e8d7…ae6dbe"
INFO [10-19|21:34:18.588] Sync stage 3/14. Download block bodies... 
INFO [10-19|21:34:18.588] Sync stage 4/14. Recover senders from tx signatures... 
INFO [10-19|21:34:18.588] [Senders] Senders recovery               from=3603982 to=3604255
INFO [10-19|21:34:18.589] [Senders] Reading canonical hashes complete hashes=273
INFO [10-19|21:34:18.589] [Senders] Started recoverer goroutines   numOfGoroutines=12
INFO [10-19|21:34:18.657] Sync stage 5/14. Execute blocks w/o hash checks... 
INFO [10-19|21:34:18.657] [Execution] Blocks execution             from=3603982 to=3604255
INFO [10-19|21:34:19.247] Looking for peers                        peercount=2 tried=30 static=0
INFO [10-19|21:34:20.690] [Execution] Completed on                 block=3604255
INFO [10-19|21:34:20.691] Sync stage 6/14. Hash the key in the state... 
INFO [10-19|21:34:20.691] [HashState] Promoting plain state        from=3603982 to=3604255
INFO [10-19|21:34:20.691] [HashState] Incremental promotion started from=3603982 to=3604255 codes=true csbucket=PLAIN-ACS
INFO [10-19|21:34:20.775] [HashState] Incremental promotion started from=3603982 to=3604255 codes=false csbucket=PLAIN-ACS
INFO [10-19|21:34:20.868] [HashState] Incremental promotion started from=3603982 to=3604255 codes=false csbucket=PLAIN-SCS
INFO [10-19|21:34:21.870] Sync stage 7/14. Generate intermediate hashes and computing state root... 
INFO [10-19|21:34:21.870] [IntermediateHashes] Generating intermediate hashes from=3603982 to=3604255
INFO [10-19|21:34:26.658] Collection finished                      root hash=0xafbe5ef2a045184d145efdd0d39b5ceba74919afc66044cdfb1483ccdc11ca8f gen IH=4.693933438s
INFO [10-19|21:34:26.818] Sync stage 8/14. Generate account history index... 
INFO [10-19|21:34:26.913] Sync stage 9/14. Generate storage history index... 
INFO [10-19|21:34:27.652] Sync stage 10/14. Generate receipt logs index... 
INFO [10-19|21:34:27.827] Sync stage 11/14. Generate call traces index disabled. Work In Progress 
INFO [10-19|21:34:27.827] Sync stage 12/14. Generate tx lookup index... 
INFO [10-19|21:34:28.173] Sync stage 13/14. Update transaction pool... 
INFO [10-19|21:34:28.174] [TxPool] TxPoolUpdate: Reading canonical hashes complete hashes=273
INFO [10-19|21:34:28.197] [TxPool] Transaction stats               pending=1 queued=5
INFO [10-19|21:34:28.198] Sync stage 14/14. Final: update current block for the RPC API... 
INFO [10-19|21:34:28.198] Memory                                   alloc=5.70MiB sys=74.08MiB
INFO [10-19|21:34:28.198] Timings                                  AccountHistoryIndex=95.140867ms LogIndex=174.84741ms Finish="90.64µs"  Headers=6.512592873s IntermediateHashes=4.947932392s Senders=68.912943ms Execution=2.033449169s HashState=1.179255869s StorageHistoryIndex=738.765994ms TxLookup=346.185437ms TxPool=24.700794ms BlockHashes=113.165077ms Bodies="660.522µs"
INFO [10-19|21:34:28.717] [Bodies] Commit blocks                   in=519.153111ms
INFO [10-19|21:34:29.424] Looking for peers                        peercount=2 tried=58 static=0
INFO [10-19|21:34:39.057] Sync stage 1/14. Download headers... 
INFO [10-19|21:34:39.743] [Headers] Imported new block headers     count=2   elapsed=4.692ms     number=3604257 hash="a3f8bc…74f925"
INFO [10-19|21:34:40.075] Sync stage 2/14. Write block hashes... 
INFO [10-19|21:34:40.079] Sync stage 3/14. Download block bodies... 
INFO [10-19|21:34:40.082] [Bodies] Downloading block bodies        count=2
INFO [10-19|21:34:40.201] [Bodies] Imported new chain segment      blocks=2   txs=10  elapsed="515.272µs" number=3604257 hash="a3f8bc…74f925"
INFO [10-19|21:34:40.205] Sync stage 3/14. Download block bodies... 
INFO [10-19|21:34:40.211] Sync stage 4/14. Recover senders from tx signatures... 
INFO [10-19|21:34:40.211] [Senders] Senders recovery               from=3604255 to=3604257
INFO [10-19|21:34:40.211] [Senders] Reading canonical hashes complete hashes=2
INFO [10-19|21:34:40.211] [Senders] Started recoverer goroutines   numOfGoroutines=12
INFO [10-19|21:34:40.215] Sync stage 5/14. Execute blocks w/o hash checks... 
INFO [10-19|21:34:40.216] [Execution] Blocks execution             from=3604255 to=3604257
INFO [10-19|21:34:40.234] [Execution] Completed on                 block=3604257
INFO [10-19|21:34:40.234] Sync stage 6/14. Hash the key in the state... 
INFO [10-19|21:34:40.234] [HashState] Promoting plain state        from=3604255 to=3604257
INFO [10-19|21:34:40.235] [HashState] Incremental promotion started from=3604255 to=3604257 codes=true  csbucket=PLAIN-ACS
INFO [10-19|21:34:40.236] [HashState] Incremental promotion started from=3604255 to=3604257 codes=false csbucket=PLAIN-ACS
INFO [10-19|21:34:40.237] [HashState] Incremental promotion started from=3604255 to=3604257 codes=false csbucket=PLAIN-SCS
INFO [10-19|21:34:40.241] Sync stage 7/14. Generate intermediate hashes and computing state root... 
INFO [10-19|21:34:40.241] [IntermediateHashes] Generating intermediate hashes from=3604255 to=3604257
INFO [10-19|21:34:40.282] Collection finished                      root hash=0x7692de2635139eede4605da4b3f787f939927eacb1b2c9b4deb0f7b04700fc1e gen IH=39.600935ms
INFO [10-19|21:34:40.284] Sync stage 8/14. Generate account history index... 
INFO [10-19|21:34:40.287] Sync stage 9/14. Generate storage history index... 
INFO [10-19|21:34:40.289] Sync stage 10/14. Generate receipt logs index... 
INFO [10-19|21:34:40.293] Sync stage 11/14. Generate call traces index disabled. Work In Progress 
INFO [10-19|21:34:40.293] Sync stage 12/14. Generate tx lookup index... 
INFO [10-19|21:34:40.296] Sync stage 13/14. Update transaction pool... 
INFO [10-19|21:34:40.297] [TxPool] TxPoolUpdate: Reading canonical hashes complete hashes=2
INFO [10-19|21:34:40.297] [TxPool] Transaction stats               pending=0 queued=0
INFO [10-19|21:34:40.297] Sync stage 14/14. Final: update current block for the RPC API... 
INFO [10-19|21:34:40.298] Memory                                   alloc=10.45MiB sys=74.08MiB
INFO [10-19|21:34:40.298] Timings                                  Execution=18.981822ms  IntermediateHashes=43.88066ms   StorageHistoryIndex=2.861664ms   TxLookup=2.974555ms   LogIndex=3.721876ms  TxPool=1.127544ms  Headers=1.018689182s BlockHashes=3.719217ms   Bodies=5.62273ms   Senders=4.972799ms  HashState=6.11179ms    AccountHistoryIndex=2.076614ms  Finish="46.135µs"
INFO [10-19|21:34:40.311] [Bodies] Commit blocks                   in=13.332422ms
INFO [10-19|21:34:54.232] Sync stage 1/14. Download headers... 
INFO [10-19|21:34:54.469] [Headers] Imported new block headers     count=1   elapsed=3.159ms     number=3604258 hash="b880b0…f9bec7"
INFO [10-19|21:34:54.584] Sync stage 2/14. Write block hashes... 
INFO [10-19|21:34:54.587] Sync stage 3/14. Download block bodies... 
INFO [10-19|21:34:54.588] [Bodies] Downloading block bodies        count=1
INFO [10-19|21:34:54.589] [Bodies] Imported new chain segment      blocks=1   txs=0   elapsed="298.4µs"   number=3604258 hash="b880b0…f9bec7"
INFO [10-19|21:34:54.592] Sync stage 3/14. Download block bodies... 
INFO [10-19|21:34:54.595] Sync stage 4/14. Recover senders from tx signatures... 
INFO [10-19|21:34:54.595] [Senders] Senders recovery               from=3604257 to=3604258
INFO [10-19|21:34:54.595] [Senders] Reading canonical hashes complete hashes=1
INFO [10-19|21:34:54.595] [Senders] Started recoverer goroutines   numOfGoroutines=12
INFO [10-19|21:34:54.597] Sync stage 5/14. Execute blocks w/o hash checks... 
INFO [10-19|21:34:54.597] [Execution] Blocks execution             from=3604257 to=3604258
INFO [10-19|21:34:54.598] [Execution] Completed on                 block=3604258
INFO [10-19|21:34:54.598] Sync stage 6/14. Hash the key in the state... 
INFO [10-19|21:34:54.598] [HashState] Promoting plain state        from=3604257 to=3604258
INFO [10-19|21:34:54.598] [HashState] Incremental promotion started from=3604257 to=3604258 codes=true  csbucket=PLAIN-ACS
INFO [10-19|21:34:54.598] [HashState] Incremental promotion started from=3604257 to=3604258 codes=false csbucket=PLAIN-ACS
INFO [10-19|21:34:54.599] [HashState] Incremental promotion started from=3604257 to=3604258 codes=false csbucket=PLAIN-SCS
INFO [10-19|21:34:54.599] Sync stage 7/14. Generate intermediate hashes and computing state root... 
INFO [10-19|21:34:54.599] [IntermediateHashes] Generating intermediate hashes from=3604257 to=3604258
INFO [10-19|21:34:54.600] Collection finished                      root hash=0x7692de2635139eede4605da4b3f787f939927eacb1b2c9b4deb0f7b04700fc1e gen IH="264.505µs"
INFO [10-19|21:34:54.600] Sync stage 8/14. Generate account history index... 
INFO [10-19|21:34:54.600] Sync stage 9/14. Generate storage history index... 
INFO [10-19|21:34:54.600] Sync stage 10/14. Generate receipt logs index... 
INFO [10-19|21:34:54.601] Sync stage 11/14. Generate call traces index disabled. Work In Progress 
INFO [10-19|21:34:54.601] Sync stage 12/14. Generate tx lookup index... 
INFO [10-19|21:34:54.601] Sync stage 13/14. Update transaction pool... 
INFO [10-19|21:34:54.601] [TxPool] TxPoolUpdate: Reading canonical hashes complete hashes=1
INFO [10-19|21:34:54.602] [TxPool] Transaction stats               pending=3 queued=0
INFO [10-19|21:34:54.602] Sync stage 14/14. Final: update current block for the RPC API... 
INFO [10-19|21:34:54.602] Memory                                   alloc=7.03MiB  sys=74.08MiB
INFO [10-19|21:34:54.602] Timings                                  TxPool="768.793µs" Finish="71.699µs" Bodies=2.239234ms  Execution=1.054918ms   IntermediateHashes=1.122388ms   AccountHistoryIndex="266.47µs"  StorageHistoryIndex="250.512µs"  TxLookup="223.062µs"  Headers=351.914329ms BlockHashes=2.752337ms   Senders=2.059923ms  HashState="983.515µs"  LogIndex="171.431µs"
INFO [10-19|21:34:54.603] [Bodies] Commit blocks                   in=1.307935ms
INFO [10-19|21:35:08.300] Sync stage 1/14. Download headers... 
INFO [10-19|21:35:08.549] [Headers] Imported new block headers     count=1   elapsed=4.304ms     number=3604259 hash="3b3ff9…1955ad"
INFO [10-19|21:35:08.661] Sync stage 2/14. Write block hashes... 
INFO [10-19|21:35:08.664] Sync stage 3/14. Download block bodies... 
INFO [10-19|21:35:08.665] [Bodies] Imported new chain segment      blocks=1   txs=2   elapsed="162.521µs" number=3604259 hash="3b3ff9…1955ad"
INFO [10-19|21:35:08.668] Sync stage 3/14. Download block bodies... 
INFO [10-19|21:35:08.670] Sync stage 4/14. Recover senders from tx signatures... 
INFO [10-19|21:35:08.670] [Senders] Senders recovery               from=3604258 to=3604259
INFO [10-19|21:35:08.671] [Senders] Reading canonical hashes complete hashes=1
INFO [10-19|21:35:08.671] [Senders] Started recoverer goroutines   numOfGoroutines=12
INFO [10-19|21:35:08.673] Sync stage 5/14. Execute blocks w/o hash checks... 
INFO [10-19|21:35:08.673] [Execution] Blocks execution             from=3604258 to=3604259
INFO [10-19|21:35:08.683] [Execution] Completed on                 block=3604259
INFO [10-19|21:35:08.683] Sync stage 6/14. Hash the key in the state... 
INFO [10-19|21:35:08.683] [HashState] Promoting plain state        from=3604258 to=3604259
INFO [10-19|21:35:08.684] [HashState] Incremental promotion started from=3604258 to=3604259 codes=true  csbucket=PLAIN-ACS
INFO [10-19|21:35:08.685] [HashState] Incremental promotion started from=3604258 to=3604259 codes=false csbucket=PLAIN-ACS
INFO [10-19|21:35:08.686] [HashState] Incremental promotion started from=3604258 to=3604259 codes=false csbucket=PLAIN-SCS
INFO [10-19|21:35:08.688] Sync stage 7/14. Generate intermediate hashes and computing state root... 
INFO [10-19|21:35:08.688] [IntermediateHashes] Generating intermediate hashes from=3604258 to=3604259
INFO [10-19|21:35:08.706] Collection finished                      root hash=0x0dd22151a45edbe648e07f85220f614dc8862332227360ea66b1f617ae48c869 gen IH=16.947682ms
INFO [10-19|21:35:08.707] Sync stage 8/14. Generate account history index... 
INFO [10-19|21:35:08.709] Sync stage 9/14. Generate storage history index... 
INFO [10-19|21:35:08.712] Sync stage 10/14. Generate receipt logs index... 
INFO [10-19|21:35:08.714] Sync stage 11/14. Generate call traces index disabled. Work In Progress 
INFO [10-19|21:35:08.714] Sync stage 12/14. Generate tx lookup index... 
INFO [10-19|21:35:08.716] Sync stage 13/14. Update transaction pool... 
INFO [10-19|21:35:08.716] [TxPool] TxPoolUpdate: Reading canonical hashes complete hashes=1
INFO [10-19|21:35:08.716] [TxPool] Transaction stats               pending=1 queued=0
INFO [10-19|21:35:08.716] Sync stage 14/14. Final: update current block for the RPC API... 
INFO [10-19|21:35:08.717] Memory                                   alloc=7.83MiB  sys=74.08MiB
INFO [10-19|21:35:08.717] Timings                                  BlockHashes=2.779282ms   Bodies=2.0234ms    HashState=4.705998ms   IntermediateHashes=19.16641ms   AccountHistoryIndex=1.41094ms   LogIndex=2.723775ms  Finish="51.703µs" Headers=361.466627ms Senders=2.933536ms  Execution=10.163566ms  StorageHistoryIndex=2.884542ms   TxLookup=1.233962ms   TxPool="813.334µs"
INFO [10-19|21:35:08.726] [Bodies] Commit blocks                   in=9.327428ms
INFO [10-19|21:35:23.234] Sync stage 1/14. Download headers... 
INFO [10-19|21:35:23.476] [Headers] Imported new block headers     count=1   elapsed=3.374ms     number=3604260 hash="759f0a…e75dda"
INFO [10-19|21:35:23.617] Sync stage 2/14. Write block hashes... 
INFO [10-19|21:35:23.620] Sync stage 3/14. Download block bodies... 
INFO [10-19|21:35:23.623] [Bodies] Imported new chain segment      blocks=1   txs=0   elapsed="317.482µs" number=3604260 hash="759f0a…e75dda"
INFO [10-19|21:35:23.626] Sync stage 3/14. Download block bodies... 
INFO [10-19|21:35:23.627] Sync stage 4/14. Recover senders from tx signatures... 
INFO [10-19|21:35:23.627] [Senders] Senders recovery               from=3604259 to=3604260
INFO [10-19|21:35:23.627] [Senders] Reading canonical hashes complete hashes=1
INFO [10-19|21:35:23.627] [Senders] Started recoverer goroutines   numOfGoroutines=12
INFO [10-19|21:35:23.627] Sync stage 5/14. Execute blocks w/o hash checks... 
INFO [10-19|21:35:23.628] [Execution] Blocks execution             from=3604259 to=3604260
INFO [10-19|21:35:23.628] [Execution] Completed on                 block=3604260
INFO [10-19|21:35:23.628] Sync stage 6/14. Hash the key in the state... 
INFO [10-19|21:35:23.628] [HashState] Promoting plain state        from=3604259 to=3604260
INFO [10-19|21:35:23.628] [HashState] Incremental promotion started from=3604259 to=3604260 codes=true  csbucket=PLAIN-ACS
INFO [10-19|21:35:23.628] [HashState] Incremental promotion started from=3604259 to=3604260 codes=false csbucket=PLAIN-ACS
INFO [10-19|21:35:23.628] [HashState] Incremental promotion started from=3604259 to=3604260 codes=false csbucket=PLAIN-SCS
INFO [10-19|21:35:23.629] Sync stage 7/14. Generate intermediate hashes and computing state root... 
INFO [10-19|21:35:23.629] [IntermediateHashes] Generating intermediate hashes from=3604259 to=3604260
INFO [10-19|21:35:23.629] Collection finished                      root hash=0x0dd22151a45edbe648e07f85220f614dc8862332227360ea66b1f617ae48c869 gen IH="280.527µs"
INFO [10-19|21:35:23.629] Sync stage 8/14. Generate account history index... 
INFO [10-19|21:35:23.630] Sync stage 9/14. Generate storage history index... 
INFO [10-19|21:35:23.630] Sync stage 10/14. Generate receipt logs index... 
INFO [10-19|21:35:23.630] Sync stage 11/14. Generate call traces index disabled. Work In Progress 
INFO [10-19|21:35:23.630] Sync stage 12/14. Generate tx lookup index... 
INFO [10-19|21:35:23.630] Sync stage 13/14. Update transaction pool... 
INFO [10-19|21:35:23.630] [TxPool] TxPoolUpdate: Reading canonical hashes complete hashes=1
INFO [10-19|21:35:23.631] [TxPool] Transaction stats               pending=1 queued=0
INFO [10-19|21:35:23.631] Sync stage 14/14. Final: update current block for the RPC API... 
INFO [10-19|21:35:23.631] Memory                                   alloc=9.28MiB  sys=74.08MiB
INFO [10-19|21:35:23.631] Timings                                  AccountHistoryIndex="207.027µs" StorageHistoryIndex="195.05µs"   LogIndex="86.926µs"  Finish="40.766µs" Headers=382.930361ms BlockHashes=2.890381ms   Bodies="817.529µs" IntermediateHashes="885.501µs"  TxLookup="187.281µs"  TxPool="450.018µs" Senders="865.969µs" Execution="393.75µs"   HashState="670.284µs"
INFO [10-19|21:35:23.632] [Bodies] Commit blocks                   in=1.326811ms


