t=2023-01-13T13:51:10+0000 lvl=info msg="logging to file system" log dir=./cmd/devnet/debug_logs/node_1 file prefix=debug log level=dbug json=false
t=2023-01-13T13:51:10+0000 lvl=info msg="Build info" git_branch=stable git_tag=v2.31.0-rc.4-277-g937fb2c4d-dirty git_commit=937fb2c4d95b0640904b7dd715c1736e7d0a5ede
t=2023-01-13T13:51:10+0000 lvl=info msg="Starting Erigon in ephemeral dev mode..."
t=2023-01-13T13:51:10+0000 lvl=info msg="Maximum peer count" ETH=100 total=100
t=2023-01-13T13:51:10+0000 lvl=info msg="Development chain flags set" --nodiscover=true --v5disc=false --port=:0
t=2023-01-13T13:51:10+0000 lvl=info msg="starting HTTP APIs" APIs=admin,eth,erigon,web3,net,debug,trace,txpool,parity
t=2023-01-13T13:51:10+0000 lvl=info msg="torrent verbosity" level=WRN
t=2023-01-13T13:51:12+0000 lvl=info msg="[torrent] Public IP" ip=86.152.18.202
t=2023-01-13T13:51:12+0000 lvl=info msg="Set global gas cap" cap=50000000
t=2023-01-13T13:51:12+0000 lvl=info msg="Using developer account" address=0x67b1d87101671b127f5f8714789C7192f7ad340e
t=2023-01-13T13:51:12+0000 lvl=info msg="Using custom developer period" seconds=30
t=2023-01-13T13:51:12+0000 lvl=info msg="[Downloader] Runnning with" ipv6-enabled=true ipv4-enabled=true download.rate=16mb upload.rate=4mb
t=2023-01-13T13:51:12+0000 lvl=info msg="Opening Database" label=chaindata path=/Users/alexeysharp/github/erigon/dev0/chaindata
t=2023-01-13T13:51:12+0000 lvl=info msg="Re-Opening DB in exclusive mode to apply migrations"
t=2023-01-13T13:51:12+0000 lvl=info msg="Apply migration" name=db_schema_version5
t=2023-01-13T13:51:12+0000 lvl=info msg="Applied migration" name=db_schema_version5
t=2023-01-13T13:51:12+0000 lvl=info msg="Apply migration" name=txs_begin_end
t=2023-01-13T13:51:12+0000 lvl=info msg="Applied migration" name=txs_begin_end
t=2023-01-13T13:51:13+0000 lvl=info msg="Apply migration" name=reset_blocks_4
t=2023-01-13T13:51:13+0000 lvl=info msg="Applied migration" name=reset_blocks_4
t=2023-01-13T13:51:13+0000 lvl=info msg="Updated DB schema to" version=6.0.0
t=2023-01-13T13:51:13+0000 lvl=info msg="Writing custom genesis block" hash=0xc493151b4991dd1bf459952509bba9bc3fb2b706299e18e36e6b78781835065d
t=2023-01-13T13:51:13+0000 lvl=info msg="Initialised chain configuration" config="{ChainID: 1337, Homestead: 0, DAO: <nil>, DAO Support: false, Tangerine Whistle: 0, Spurious Dragon: 0, Byzantium: 0, Constantinople: 0, Petersburg: 0, Istanbul: 0, Muir Glacier: 0, Berlin: 0, London: 0, Arrow Glacier: <nil>, Gray Glacier: <nil>, Terminal Total Difficulty: <nil>, Merge Netsplit: <nil>, Shanghai: <nil>, Cancun: <nil>, Engine: clique}" genesis=0xc493151b4991dd1bf459952509bba9bc3fb2b706299e18e36e6b78781835065d
t=2023-01-13T13:51:13+0000 lvl=info msg=Effective prune_flags= snapshot_flags= history.v3=false
t=2023-01-13T13:51:13+0000 lvl=info msg="Initialising Ethereum protocol" network=1337
t=2023-01-13T13:51:13+0000 lvl=info msg="Starting private RPC server" on=localhost:9090
t=2023-01-13T13:51:13+0000 lvl=info msg="new subscription to logs established"
t=2023-01-13T13:51:13+0000 lvl=info msg="rpc filters: subscribing to Erigon events"
t=2023-01-13T13:51:13+0000 lvl=info msg="[txpool] Started"
t=2023-01-13T13:51:13+0000 lvl=dbug msg="Establishing event subscription channel with the RPC daemon ..."
t=2023-01-13T13:51:13+0000 lvl=info msg="New txs subscriber joined"
t=2023-01-13T13:51:13+0000 lvl=info msg="Reading JWT secret" path=/Users/alexeysharp/github/erigon/dev0/jwt.hex
t=2023-01-13T13:51:13+0000 lvl=dbug msg="[1/16 Snapshots] DONE" in=52.307µs
t=2023-01-13T13:51:13+0000 lvl=info msg="new subscription to newHeaders established"
t=2023-01-13T13:51:13+0000 lvl=info msg="Generated JWT secret" path=/Users/alexeysharp/github/erigon/dev0/jwt.hex
t=2023-01-13T13:51:13+0000 lvl=info msg="Started P2P networking" version=67 self="enode://51a51d2a11d75357d4b3d3dc9b7a84eefeb6b3feac1714910803d4e2e0070c129848aa8bda7ae16c087cb4e198e31842cc39ada2fc0594b83e694e79525b358e@127.0.0.1:30304?discport=0" name=erigon/v2.34.0-stable-937fb2c4/darwin-amd64/go1.19.3
t=2023-01-13T13:51:13+0000 lvl=info msg="Started P2P networking" version=66 self="enode://51a51d2a11d75357d4b3d3dc9b7a84eefeb6b3feac1714910803d4e2e0070c129848aa8bda7ae16c087cb4e198e31842cc39ada2fc0594b83e694e79525b358e@127.0.0.1:30303?discport=0" name=erigon/v2.34.0-stable-937fb2c4/darwin-amd64/go1.19.3
t=2023-01-13T13:51:13+0000 lvl=dbug msg="[2/16 Headers] DONE" in=63.883µs
t=2023-01-13T13:51:13+0000 lvl=info msg="HTTP endpoint opened for Engine API" url=localhost:8551 ws=true ws.compression=true
t=2023-01-13T13:51:13+0000 lvl=dbug msg="[3/16 CumulativeIndex] DONE" in=46.532µs
t=2023-01-13T13:51:13+0000 lvl=info msg="HTTP endpoint opened" url=localhost:8545 ws=true ws.compression=true grpc=false
t=2023-01-13T13:51:13+0000 lvl=dbug msg="[4/16 BlockHashes] DONE" in=33.702µs
t=2023-01-13T13:51:13+0000 lvl=dbug msg="[5/16 Bodies] DONE" in=65.579µs
t=2023-01-13T13:51:13+0000 lvl=dbug msg="[6/16 Senders] DONE" in=660.061µs
t=2023-01-13T13:51:13+0000 lvl=dbug msg="[7/16 Execution] DONE" in=39.343µs
t=2023-01-13T13:51:13+0000 lvl=dbug msg="[8/16 HashState] DONE" in=36.43µs
t=2023-01-13T13:51:13+0000 lvl=dbug msg="[9/16 IntermediateHashes] DONE" in=66.48µs
t=2023-01-13T13:51:13+0000 lvl=dbug msg="[10/16 CallTraces] DONE" in=38.246µs
t=2023-01-13T13:51:13+0000 lvl=dbug msg="[11/16 AccountHistoryIndex] DONE" in=38.723µs
t=2023-01-13T13:51:13+0000 lvl=dbug msg="[12/16 StorageHistoryIndex] DONE" in=36.769µs
t=2023-01-13T13:51:13+0000 lvl=dbug msg="[13/16 LogIndex] DONE" in=51.527µs
t=2023-01-13T13:51:13+0000 lvl=dbug msg="[14/16 TxLookup] DONE" in=503.56µs
t=2023-01-13T13:51:13+0000 lvl=dbug msg="[15/16 WatchTheBurn] DONE" in=43.685µs
t=2023-01-13T13:51:13+0000 lvl=info msg="Mapped network port" proto=tcp extport=30304 intport=30304 interface="UPNP IGDv1-PPP1"
t=2023-01-13T13:51:13+0000 lvl=dbug msg="[16/16 Finish] DONE" in=50.862µs
t=2023-01-13T13:51:13+0000 lvl=dbug msg="[1/16 Snapshots] DONE" in=4.118µs
t=2023-01-13T13:51:13+0000 lvl=info msg="[2/16 Headers] Waiting for headers..." from=0
t=2023-01-13T13:51:13+0000 lvl=dbug msg="[Downloader] Request skeleton" anchors=0 top seen height=0 highestInDb=0
t=2023-01-13T13:51:14+0000 lvl=info msg="Mapped network port" proto=tcp extport=30303 intport=30303 interface="UPNP IGDv1-PPP1"
t=2023-01-13T13:51:14+0000 lvl=dbug msg="[Downloader] Request skeleton" anchors=0 top seen height=0 highestInDb=0
t=2023-01-13T13:51:15+0000 lvl=dbug msg="[Downloader] Request skeleton" anchors=0 top seen height=0 highestInDb=0
t=2023-01-13T13:51:16+0000 lvl=dbug msg="Start mining new block based on miner.recommit"
t=2023-01-13T13:51:16+0000 lvl=info msg="[1/5 MiningCreateBlock] Start mine" block=1 baseFee=875000000 gasLimit=11511229
t=2023-01-13T13:51:16+0000 lvl=info msg="[Clique] Stored checkpoint snapshot to disk" number=0 hash=0xc493151b4991dd1bf459952509bba9bc3fb2b706299e18e36e6b78781835065d
t=2023-01-13T13:51:16+0000 lvl=dbug msg="[1/5 MiningCreateBlock] DONE" in=43.089553ms
t=2023-01-13T13:51:16+0000 lvl=dbug msg=Filtration initial=0 no sender=0 no account=0 nonce too low=0 nonceTooHigh=0 sender not EOA=0 fee too low=0 overflow=0 balance too low=0 filtered=0
t=2023-01-13T13:51:16+0000 lvl=dbug msg=SpawnMiningExecStage block txn=0 payload=0
t=2023-01-13T13:51:16+0000 lvl=dbug msg=FinalizeBlockExecution current txn=0 current receipt=0 payload=0
t=2023-01-13T13:51:16+0000 lvl=dbug msg="[2/5 MiningExecution] DONE" in=101.014046ms
t=2023-01-13T13:51:16+0000 lvl=dbug msg="[3/5 HashState] DONE" in=1.611619ms
t=2023-01-13T13:51:16+0000 lvl=info msg="[4/5 IntermediateHashes] Regeneration trie hashes started"
t=2023-01-13T13:51:16+0000 lvl=info msg="[4/5 IntermediateHashes] Trie root" hash=0x6a0673c691edfa4c4528323986bb43c579316f436ff6f8b4ac70854bbd95340b
t=2023-01-13T13:51:16+0000 lvl=info msg="[4/5 IntermediateHashes] Regeneration ended"
t=2023-01-13T13:51:16+0000 lvl=dbug msg="[4/5 IntermediateHashes] DONE" in=62.671133ms
t=2023-01-13T13:51:16+0000 lvl=dbug msg="[5/5 MiningFinish] DONE" in=227.696µs
t=2023-01-13T13:51:16+0000 lvl=dbug msg=BroadcastMinedBlock block hash=0x2fad4e5a14d3c93d0e2725138d661e15a71e0c25a5947ee3dcc6a05eb14aadcf block number=1 root=0x6a0673c691edfa4c4528323986bb43c579316f436ff6f8b4ac70854bbd95340b gas=0
t=2023-01-13T13:51:16+0000 lvl=dbug msg="[Downloader] Request skeleton" anchors=0 top seen height=0 highestInDb=0
t=2023-01-13T13:51:16+0000 lvl=info msg="[2/16 Headers] Processed" highest inserted=1 age=0
t=2023-01-13T13:51:16+0000 lvl=dbug msg="[2/16 Headers] DONE" in=2.775800694s
t=2023-01-13T13:51:16+0000 lvl=dbug msg="[3/16 CumulativeIndex] DONE" in=110.439µs
t=2023-01-13T13:51:16+0000 lvl=dbug msg="[4/16 BlockHashes] DONE" in=92.254µs
t=2023-01-13T13:51:16+0000 lvl=info msg="[5/16 Bodies] Writing block bodies" block_num=1 remaining=0 alloc=56.5MB sys=90.4MB
t=2023-01-13T13:51:16+0000 lvl=dbug msg="[5/16 Bodies] DONE" in=21.014727ms
t=2023-01-13T13:51:16+0000 lvl=dbug msg="[6/16 Senders] DONE" in=359.467µs
t=2023-01-13T13:51:16+0000 lvl=info msg="[7/16 Execution] Completed on" block=1
t=2023-01-13T13:51:16+0000 lvl=dbug msg="[7/16 Execution] DONE" in=20.196249ms
t=2023-01-13T13:51:16+0000 lvl=dbug msg="[8/16 HashState] DONE" in=1.555109ms
t=2023-01-13T13:51:16+0000 lvl=info msg="[9/16 IntermediateHashes] Regeneration trie hashes started"
t=2023-01-13T13:51:16+0000 lvl=info msg="[9/16 IntermediateHashes] Trie root" hash=0x6a0673c691edfa4c4528323986bb43c579316f436ff6f8b4ac70854bbd95340b
t=2023-01-13T13:51:16+0000 lvl=info msg="[9/16 IntermediateHashes] Regeneration ended"
t=2023-01-13T13:51:16+0000 lvl=dbug msg="[9/16 IntermediateHashes] DONE" in=62.176868ms
t=2023-01-13T13:51:16+0000 lvl=dbug msg="[10/16 CallTraces] DONE" in=175.337µs
t=2023-01-13T13:51:17+0000 lvl=dbug msg="[11/16 AccountHistoryIndex] DONE" in=226.087µs
t=2023-01-13T13:51:17+0000 lvl=dbug msg="[12/16 StorageHistoryIndex] DONE" in=74.77µs
t=2023-01-13T13:51:17+0000 lvl=dbug msg="[13/16 LogIndex] DONE" in=114.168µs
t=2023-01-13T13:51:17+0000 lvl=dbug msg="[14/16 TxLookup] DONE" in=92.74µs
t=2023-01-13T13:51:17+0000 lvl=dbug msg="[15/16 WatchTheBurn] DONE" in=18.27µs
t=2023-01-13T13:51:17+0000 lvl=dbug msg="[16/16 Finish] DONE" in=62.5µs
t=2023-01-13T13:51:17+0000 lvl=info msg="Commit cycle" in=285.785µs
t=2023-01-13T13:51:17+0000 lvl=info msg="Timings (slower than 50ms)" Headers=2.775s IntermediateHashes=62ms
t=2023-01-13T13:51:17+0000 lvl=info msg=Tables PlainState=4.0KB AccountChangeSet=4.0KB StorageChangeSet=0B BlockTransaction=0B TransactionLog=0B FreeList=4.0KB ReclaimableSpace=4.0MB
t=2023-01-13T13:51:17+0000 lvl=info msg="RPC Daemon notified of new headers" from=0 to=1 hash=0x2fad4e5a14d3c93d0e2725138d661e15a71e0c25a5947ee3dcc6a05eb14aadcf header sending=45.557µs log sending=346ns
t=2023-01-13T13:51:17+0000 lvl=dbug msg="Start mining new block based on new head channel"
t=2023-01-13T13:51:17+0000 lvl=dbug msg="[1/16 Snapshots] DONE" in=14.701µs
t=2023-01-13T13:51:17+0000 lvl=info msg="[2/16 Headers] Waiting for headers..." from=1
t=2023-01-13T13:51:17+0000 lvl=dbug msg="[Downloader] Request skeleton" anchors=0 top seen height=0 highestInDb=1
t=2023-01-13T13:51:17+0000 lvl=info msg="[1/5 MiningCreateBlock] Start mine" block=2 baseFee=765625000 gasLimit=11522469
t=2023-01-13T13:51:17+0000 lvl=dbug msg="[1/5 MiningCreateBlock] DONE" in=41.522246ms
t=2023-01-13T13:51:17+0000 lvl=dbug msg=Filtration initial=0 no sender=0 no account=0 nonce too low=0 nonceTooHigh=0 sender not EOA=0 fee too low=0 overflow=0 balance too low=0 filtered=0
t=2023-01-13T13:51:17+0000 lvl=dbug msg=SpawnMiningExecStage block txn=0 payload=0
t=2023-01-13T13:51:17+0000 lvl=dbug msg=FinalizeBlockExecution current txn=0 current receipt=0 payload=0
t=2023-01-13T13:51:17+0000 lvl=dbug msg="[2/5 MiningExecution] DONE" in=92.800486ms
t=2023-01-13T13:51:17+0000 lvl=dbug msg="[3/5 HashState] DONE" in=172.892µs
t=2023-01-13T13:51:17+0000 lvl=dbug msg="[4/5 IntermediateHashes] DONE" in=290.415µs
t=2023-01-13T13:51:17+0000 lvl=dbug msg="[5/5 MiningFinish] DONE" in=189.909µs
t=2023-01-13T13:51:18+0000 lvl=dbug msg="[Downloader] Request skeleton" anchors=0 top seen height=0 highestInDb=1
t=2023-01-13T13:51:19+0000 lvl=dbug msg="[Downloader] Request skeleton" anchors=0 top seen height=0 highestInDb=1
t=2023-01-13T13:51:20+0000 lvl=info msg="Got in" time=0.037
